market/HQAppMarket_Lasted/proguard/seeds.txt
com.tom.ule.android.ui.component.adbar
com.tom.ule.android.ui.component.adbar: android.widget.RelativeLayout ad
com.tom.ule.android.ui.component.adbar: android.widget.TextView ad_txt
com.tom.ule.android.ui.component.adbar: com.tom.ule.android.ui.component.image.com_tom_ule_android_lib_ImageViewEx ad_img
com.tom.ule.android.ui.component.adbar: com.tom.ule.common.domain.TomADView ADData
com.tom.ule.android.ui.component.adbar: boolean showad
com.tom.ule.android.ui.component.adbar: com.tom.ule.api.service.android.AsyncTomADGetADService adsvr
com.tom.ule.android.ui.component.adbar: int adcnt
com.tom.ule.android.ui.component.adbar: com.tom.ule.common.domain.TomAD$Project pj
com.tom.ule.android.ui.component.adbar: android.view.View$OnClickListener adevt
com.tom.ule.android.ui.component.adbar: java.util.Timer autoswitcher
com.tom.ule.android.ui.component.adbar: android.os.Handler hd
com.tom.ule.android.ui.component.adbar: adbar(android.content.Context)
com.tom.ule.android.ui.component.adbar: adbar(android.content.Context,android.util.AttributeSet)
com.tom.ule.android.ui.component.adbar: adbar(android.content.Context,android.util.AttributeSet,int)
com.tom.ule.android.ui.component.adbar: void initView(android.content.Context)
com.tom.ule.android.ui.component.adbar: void openWapPayPage(java.lang.String)
com.tom.ule.android.ui.component.adbar: void getAD()
com.tom.ule.android.ui.component.adbar: void showAD()
com.tom.ule.android.ui.component.adbar$1
com.tom.ule.android.ui.component.adbar$1: com.tom.ule.android.ui.component.adbar this$0
com.tom.ule.android.ui.component.adbar$1: adbar$1(com.tom.ule.android.ui.component.adbar)
com.tom.ule.android.ui.component.adbar$1: void onClick(android.view.View)
com.tom.ule.android.ui.component.adbar$2
com.tom.ule.android.ui.component.adbar$2: com.tom.ule.android.ui.component.adbar this$0
com.tom.ule.android.ui.component.adbar$2: adbar$2(com.tom.ule.android.ui.component.adbar)
com.tom.ule.android.ui.component.adbar$2: void handleMessage(android.os.Message)
com.tom.ule.android.ui.component.adbar$3
com.tom.ule.android.ui.component.adbar$3: com.tom.ule.android.ui.component.adbar this$0
com.tom.ule.android.ui.component.adbar$3: adbar$3(com.tom.ule.android.ui.component.adbar)
com.tom.ule.android.ui.component.adbar$3: void Success(com.tom.ule.api.httptaskresult,com.tom.ule.common.domain.TomADView)
com.tom.ule.android.ui.component.adbar$3: void Start(com.tom.ule.api.httptaskresult)
com.tom.ule.android.ui.component.adbar$3: void Failure(com.tom.ule.api.httptaskresult)
com.tom.ule.android.ui.component.adbar$4
com.tom.ule.android.ui.component.adbar$4: com.tom.ule.android.ui.component.adbar this$0
com.tom.ule.android.ui.component.adbar$4: adbar$4(com.tom.ule.android.ui.component.adbar)
com.tom.ule.android.ui.component.adbar$4: void run()