market/HQAppMarket_Lasted/proguard/mapping.txt
com.tom.ule.android.database.MobileRechargeData$TableRow -> com.tom.ule.android.database.MobileRechargeData$TableRow:
    java.lang.String number -> number
com.tom.ule.android.database.UleDataBaseHelper -> com.tom.ule.android.database.UleDataBaseHelper:
    java.lang.String ULE_DATABASE -> ULE_DATABASE
    android.content.Context mContext -> mContext
    com.tom.ule.android.database.UleDataBaseHelper helper -> helper
    com.tom.ule.android.database.UleDataBaseHelper getInstance(android.content.Context) -> getInstance
    android.database.sqlite.SQLiteDatabase openOrCreateDatabase(java.lang.String) -> openOrCreateDatabase
    void createTable(android.database.sqlite.SQLiteDatabase,java.lang.String,java.util.Map) -> createTable
    void insertValues(java.util.List,android.database.sqlite.SQLiteDatabase,java.lang.String) -> insertValues
    android.database.Cursor getAllDataByTable(java.lang.String,android.database.sqlite.SQLiteDatabase) -> getAllDataByTable
    void release() -> release
com.tom.ule.android.database.obj.MobileInfo -> com.tom.ule.android.database.obj.MobileInfo:
    java.lang.String imsi -> imsi
    java.lang.String msisdn -> msisdn
com.tom.ule.android.device.androiddevice -> com.tom.ule.android.device.androiddevice:
    java.lang.String ULE_CACHE_PATH -> ULE_CACHE_PATH
    java.lang.String ULE_DOWNLOAD_PATH -> ULE_DOWNLOAD_PATH
    java.lang.String macAddress -> macAddress
    java.lang.String androidID -> androidID
    java.lang.String line1num -> line1num
    int displayDensity -> displayDensity
    int displayWidth -> displayWidth
    int displayHeight -> displayHeight
    float refrashRatio -> refrashRatio
    float density -> density
    java.lang.String netType -> netType
    java.lang.String net -> net
    java.lang.String OS_Product -> OS_Product
    java.lang.String OS_CPU_ABI -> OS_CPU_ABI
    java.lang.String OS_TAGS -> OS_TAGS
    int OS_VERSION_CODES_BASE -> OS_VERSION_CODES_BASE
    java.lang.String OS_MODEL -> OS_MODEL
    java.lang.String OS_SDK -> OS_SDK
    int OS_SDK_INT -> OS_SDK_INT
    java.lang.String OS_VERSION_RELEASE -> OS_VERSION_RELEASE
    java.lang.String OS_DEVICE -> OS_DEVICE
    java.lang.String OS_DISPLAY -> OS_DISPLAY
    java.lang.String OS_BRAND -> OS_BRAND
    java.lang.String OS_BOARD -> OS_BOARD
    java.lang.String OS_FINGERPRINT -> OS_FINGERPRINT
    java.lang.String OS_ID -> OS_ID
    java.lang.String OS_MANUFACTURER -> OS_MANUFACTURER
    java.lang.String OS_USER -> OS_USER
    boolean isSdPresent -> isSdPresent
    double AvailableBlocksInSD -> AvailableBlocksInSD
    double AvailableBlocksInRoot -> AvailableBlocksInRoot
com.tom.ule.android.device.deviceManager -> com.tom.ule.android.device.deviceManager:
    com.tom.ule.android.device.androiddevice deviceInfo -> deviceInfo
    void init(android.content.Context) -> init
    void refrashstoragestatic(android.content.Context) -> refrashstoragestatic
    void checkcachepath(android.content.Context) -> checkcachepath
    void modifyp() -> modifyp
com.tom.ule.android.file.FilePermanentCacheProvider -> com.tom.ule.android.file.FilePermanentCacheProvider:
    com.tom.ule.android.device.androiddevice _dev -> _dev
    com.tom.ule.android.file.FilePermanentCacheProvider$onProgressListener _pl -> _pl
    java.io.File get(java.lang.Object) -> get
    java.io.File getfromexternalstorage(java.lang.String) -> getfromexternalstorage
    void put(java.lang.Object,java.lang.Object) -> put
    void modifyp(java.io.File) -> modifyp
    void put(java.lang.Object,java.io.InputStream) -> put
    void setonProgressListener(com.tom.ule.android.file.FilePermanentCacheProvider$onProgressListener) -> setonProgressListener
    java.lang.Object get(java.lang.Object) -> get