market/HQAppMarket_Lasted/proguard/usage.txt
com.huaqin.market.utils.Md5:
    public Md5()
com.huaqin.market.utils.OptionsMenu:
    public static final java.lang.String ACTION_MENU_EXIT
    public static final int EXIT_APPLICATION
com.huaqin.market.utils.PackageUtil:
    public static final java.lang.String ACTION_PACKAGE_UPDATED
    public static final java.lang.String ACTION_PACKAGE_NOT_UPDATED
    public static final int PACKAGE_NOT_INSTALLED
    public static final int PACKAGE_INSTALLED
    public static final int PACKAGE_UPDATE_AVAILABLE
    private static final java.lang.String TAG
    public PackageUtil()
    public static boolean isSystemApp(android.content.pm.PackageManager,android.content.pm.ApplicationInfo)
    public static boolean isSystemApp(android.content.pm.PackageManager,java.lang.String)
    public static java.lang.String getPackageVersionName(android.content.pm.PackageManager,java.lang.String)
    public static java.lang.String getAppSelfVersionName(android.content.Context)
com.huaqin.market.utils.SearchAdapter:
    public SearchAdapter(android.content.Context,int)
    public SearchAdapter(android.content.Context,int,int)
    public SearchAdapter(android.content.Context,int,int,java.lang.Object[])
    public SearchAdapter(android.content.Context,int,java.util.List)
    public SearchAdapter(android.content.Context,int,int,java.util.List)
    public void add(java.lang.Object)
    public void addAll(java.util.Collection)
    public varargs void addAll(java.lang.Object[])
    public void insert(java.lang.Object,int)
    public void remove(java.lang.Object)
    public void clear()
    public void sort(java.util.Comparator)
    public void setNotifyOnChange(boolean)
    public android.content.Context getContext()
    public int getPosition(java.lang.Object)
    public void setDropDownViewResource(int)
    public static com.huaqin.market.utils.SearchAdapter createFromResource(android.content.Context,int,int)
com.huaqin.market.utils.TimeUtil:
    public TimeUtil()
com.huaqin.market.webservice.AppCacheEventHandler:
    private static final java.lang.String THREAD_NAME
com.huaqin.market.webservice.AppCacheService:
    public static final int THREAD_COUNT
    public static final int THREAD_LIST
    public static final int THREAD_AD
    private static final int MAX_PRIORITY
    private static final int NORM_PRIORITY
    public void getTopLayout(com.huaqin.market.webservice.Request)
com.huaqin.market.webservice.AppCacheServiceAgent:
    public static void freeInstance()
com.huaqin.market.webservice.IMarketService:
    public abstract void getTopicAppDetail(com.huaqin.market.webservice.Request)
    public abstract void getCategoryAppList(com.huaqin.market.webservice.Request)
    public abstract void getCategoriesList(com.huaqin.market.webservice.Request)
    public abstract void getSubjectDetail(com.huaqin.market.webservice.Request)
    public abstract void getTopApp(com.huaqin.market.webservice.Request)
    public abstract void getTopAppIcon(com.huaqin.market.webservice.Request)
    public abstract void getSearchDatabase(com.huaqin.market.webservice.Request)
    public abstract void getNotice(com.huaqin.market.webservice.Request)
    public abstract void getNewSubject(com.huaqin.market.webservice.Request)